ACAT_INSTALL_PATH=C:\Program Files (x86)\Marvell\ACAT
ACC="-Xms128m" "-Xmx750m" "-XX:MaxPermSize=350m" "-XX:ReservedCodeCacheSize=96m" "-ea" "-Dsun.io.useCanonCaches=false" "-Djava.net.preferIPv4Stack=true" "-Didea.project.structure.max.errors.to.show=0" "-Djsse.enableSNIExtension=false" "-XX:+UseCodeCacheFlushing" "-XX:+UseConcMarkSweepGC" "-XX:SoftRefLRUPolicyMSPerMB=50" "-XX:+HeapDumpOnOutOfMemoryError" "-Didea.platform.prefix=AndroidStudio" "-Didea.paths.selector=AndroidStudioBeta" -Djb.vmOptionsFile="C:\projects\android\android-studio\bin\\studio64.exe.vmoptions"
ACPath=C:\Program Files (x86)\Lenovo\Access Connections\
ALLUSERSPROFILE=C:\ProgramData
ALL_JVM_ARGS="-Xms128m" "-Xmx750m" "-XX:MaxPermSize=350m" "-XX:ReservedCodeCacheSize=96m" "-ea" "-Dsun.io.useCanonCaches=false" "-Djava.net.preferIPv4Stack=true" "-Didea.project.structure.max.errors.to.show=0" "-Djsse.enableSNIExtension=false" "-XX:+UseCodeCacheFlushing" "-XX:+UseConcMarkSweepGC" "-XX:SoftRefLRUPolicyMSPerMB=50" "-XX:+HeapDumpOnOutOfMemoryError" "-Didea.platform.prefix=AndroidStudio" "-Didea.paths.selector=AndroidStudioBeta" -Djb.vmOptionsFile="C:\projects\android\android-studio\bin\\studio64.exe.vmoptions" "-Xbootclasspath/a:C:\projects\android\android-studio\bin\\../lib/boot.jar" -Didea.paths.selector=AndroidStudioBeta  -Didea.platform.prefix=AndroidStudio 
APPDATA=C:\Users\hezi\AppData\Roaming
APR_ICONV_PATH=C:\Program Files (x86)\Subversion\iconv
BITS=64
C74SUPPORT=C:\projects\max\MaxSDK-6.1.4\c74support\
CLASSPATH=.;C:\Program Files (x86)\Java\jre7\lib\ext\QTJava.zip
CLASS_PATH=C:\projects\android\android-studio\bin\\..\lib\bootstrap.jar;C:\projects\android\android-studio\bin\\..\lib\extensions.jar;C:\projects\android\android-studio\bin\\..\lib\util.jar;C:\projects\android\android-studio\bin\\..\lib\jdom.jar;C:\projects\android\android-studio\bin\\..\lib\log4j.jar;C:\projects\android\android-studio\bin\\..\lib\trove4j.jar;C:\projects\android\android-studio\bin\\..\lib\jna.jar;c:\Program Files\Java\jdk1.8.0_05\lib\tools.jar
CommonProgramFiles=C:\Program Files\Common Files
CommonProgramFiles(x86)=C:\Program Files (x86)\Common Files
CommonProgramW6432=C:\Program Files\Common Files
COMMON_JVM_ARGS="-Xbootclasspath/a:C:\projects\android\android-studio\bin\\../lib/boot.jar" -Didea.paths.selector=AndroidStudioBeta 
COMMPath=C:\Program Files\Lenovo\Communications Utility
COMPUTERNAME=PT-LT0919
ComSpec=C:\Windows\system32\cmd.exe
FLANN_ROOT=C:\Program Files (x86)\flann
FP_NO_HOST_CHECK=NO
GOROOT=C:\Go\
HOMEDRIVE=C:
HOMEPATH=\Users\hezi
IDE_BIN_DIR=C:\projects\android\android-studio\bin\
IDE_HOME=C:\projects\android\android-studio\bin\\..
IDE_JVM_ARGS=-Didea.platform.prefix=AndroidStudio
JAVA_EXE=c:\Program Files\Java\jdk1.8.0_05\bin\java.exe
JAVA_HOME=c:\Program Files\Java\jdk1.8.0_05
JDK=c:\Program Files\Java\jdk1.8.0_05
JRE=c:\Program Files\Java\jdk1.8.0_05\jre
LOCALAPPDATA=C:\Users\hezi\AppData\Local
LOGONSERVER=\\PTK-DC02
MAIN_CLASS_NAME=com.intellij.idea.Main
NDK_PROJECT_PATH=C:\projects\android\glasses\OpenCV-2.4.9-android-sdk\samples\face-detection\studio\openCVSamplefacedetection\src\main\jni
NDK_ROOT=c:\projects\android\android-ndk-r10b\
NDK_WIN_HOST=windows-x86_64
NIEXTCCOMPILERSUPP=C:\Program Files (x86)\National Instruments\Shared\ExternalCompilerSupport\C\
NUMBER_OF_PROCESSORS=4
OLD_PATH=C:\Python27\Scripts;C:\projects\android\android-ndk-r10;c:\Program Files\Java\jdk1.8.0_05\bin;C:\Program Files\TortoiseSVN\bin;c:\projects\max\cef\src\depot_tools;C:\Python27;C:\Program Files\Common Files\Microsoft Shared\Windows Live;C:\Program Files (x86)\Common Files\Microsoft Shared\Windows Live;C:\Windows\SYSTEM32;C:\Windows;C:\Windows\SYSTEM32\WBEM;C:\Windows\SYSTEM32\WINDOWSPOWERSHELL\V1.0\;C:\Windows\SYSTEM32\WINDOWSPOWERSHELL\V1.0\;C:\PROGRAM FILES (X86)\MICROSOFT APPLICATION VIRTUALIZATION CLIENT;C:\PROGRAM FILES\INTEL\WIFI\BIN\;C:\PROGRAM FILES\COMMON FILES\INTEL\WIRELESSCOMMON\;C:\PROGRAM FILES (X86)\LENOVO\ACCESS CONNECTIONS\;C:\PROGRAM FILES (X86)\WINDOWS KITS\8.1\WINDOWS PERFORMANCE TOOLKIT\;C:\PROGRAM FILES\MICROSOFT SQL SERVER\110\TOOLS\BINN\;C:\PROGRAM FILES\CURL\BIN;C:\PROGRAM FILES (X86)\SUBVERSION\BIN;C:\Program Files\Lenovo\Bluetooth Software\;C:\Program Files\Lenovo\Bluetooth Software\syswow64;c:\projects\max\cef\depot_tools;C:\VXIPNP\WINNT\BIN;C:\VXIPNP\WINNT\TekVISA\BIN;C:\Program Files (x86)\Windows Live\Shared;C:\Program Files\IVI Foundation\VISA\Win64\Bin\;C:\Program Files (x86)\IVI Foundation\VISA\WinNT\Bin\;C:\Program Files (x86)\IVI Foundation\VISA\WinNT\TekVISA\BIN;C:\Program Files (x86)\IVI Foundation\VISA\WinNT\Bin;C:\Go\bin;C:\Program Files\TortoiseHg\;C:\Program Files (x86)\QuickTime Alternative\QTSystem\;C:\Program Files\nodejs\;C:\Program Files\Intel\WiFi\bin\;C:\Program Files\Common Files\Intel\WirelessCommon\;C:\Users\hezi\AppData\Roaming\npm
OS=Windows_NT
Path=C:\projects\android\android-studio\bin\;C:\Python27\Scripts;C:\projects\android\android-ndk-r10;c:\Program Files\Java\jdk1.8.0_05\bin;C:\Program Files\TortoiseSVN\bin;c:\projects\max\cef\src\depot_tools;C:\Python27;C:\Program Files\Common Files\Microsoft Shared\Windows Live;C:\Program Files (x86)\Common Files\Microsoft Shared\Windows Live;C:\Windows\SYSTEM32;C:\Windows;C:\Windows\SYSTEM32\WBEM;C:\Windows\SYSTEM32\WINDOWSPOWERSHELL\V1.0\;C:\Windows\SYSTEM32\WINDOWSPOWERSHELL\V1.0\;C:\PROGRAM FILES (X86)\MICROSOFT APPLICATION VIRTUALIZATION CLIENT;C:\PROGRAM FILES\INTEL\WIFI\BIN\;C:\PROGRAM FILES\COMMON FILES\INTEL\WIRELESSCOMMON\;C:\PROGRAM FILES (X86)\LENOVO\ACCESS CONNECTIONS\;C:\PROGRAM FILES (X86)\WINDOWS KITS\8.1\WINDOWS PERFORMANCE TOOLKIT\;C:\PROGRAM FILES\MICROSOFT SQL SERVER\110\TOOLS\BINN\;C:\PROGRAM FILES\CURL\BIN;C:\PROGRAM FILES (X86)\SUBVERSION\BIN;C:\Program Files\Lenovo\Bluetooth Software\;C:\Program Files\Lenovo\Bluetooth Software\syswow64;c:\projects\max\cef\depot_tools;C:\VXIPNP\WINNT\BIN;C:\VXIPNP\WINNT\TekVISA\BIN;C:\Program Files (x86)\Windows Live\Shared;C:\Program Files\IVI Foundation\VISA\Win64\Bin\;C:\Program Files (x86)\IVI Foundation\VISA\WinNT\Bin\;C:\Program Files (x86)\IVI Foundation\VISA\WinNT\TekVISA\BIN;C:\Program Files (x86)\IVI Foundation\VISA\WinNT\Bin;C:\Go\bin;C:\Program Files\TortoiseHg\;C:\Program Files (x86)\QuickTime Alternative\QTSystem\;C:\Program Files\nodejs\;C:\Program Files\Intel\WiFi\bin\;C:\Program Files\Common Files\Intel\WirelessCommon\;C:\Users\hezi\AppData\Roaming\npm;c:\projects\android\android-ndk-r10b
PATHEXT=.COM;.EXE;.BAT;.CMD;.VBS;.VBE;.JS;.JSE;.WSF;.WSH;.MSC
PROCESSOR_ARCHITECTURE=AMD64
PROCESSOR_IDENTIFIER=Intel64 Family 6 Model 37 Stepping 5, GenuineIntel
PROCESSOR_LEVEL=6
PROCESSOR_REVISION=2505
ProgramData=C:\ProgramData
ProgramFiles=C:\Program Files
ProgramFiles(x86)=C:\Program Files (x86)
ProgramW6432=C:\Program Files
PROMPT=$P$G
PSModulePath=C:\Windows\system32\WindowsPowerShell\v1.0\Modules\
PUBLIC=C:\Users\Public
QTJAVA=C:\Program Files (x86)\Java\jre7\lib\ext\QTJava.zip
SESSIONNAME=Console
SystemDrive=C:
SystemRoot=C:\Windows
TEMP=C:\Users\hezi\AppData\Local\Temp
TFS_DIR=C:\Program Files\ThinkVantage Fingerprint Software\
TMP=C:\Users\hezi\AppData\Local\Temp
TPLGSM=C:\Program Files (x86)\Marvell\ACAT\Genie
TSMPATH=C:\Program Files\ThinkPad\UltraNav Utility
TVT=C:\Program Files (x86)\Lenovo
UATDATA=C:\Windows\SysWOW64\CCM\UATData\D9F8C395-CAB8-491d-B8AC-179A1FE1BE77
USERDNSDOMAIN=MARVELL.COM
USERDOMAIN=MARVELL
USERNAME=hezi
USERPROFILE=C:\Users\hezi
VBOX_MSI_INSTALL_PATH=C:\Program Files\Oracle\VirtualBox\
VM_OPTIONS_FILE=C:\projects\android\android-studio\bin\\studio64.exe.vmoptions
VS100COMNTOOLS=c:\Program Files (x86)\Microsoft Visual Studio 10.0\Common7\Tools\
VS110COMNTOOLS=C:\Program Files (x86)\Microsoft Visual Studio 11.0\Common7\Tools\
VS120COMNTOOLS=C:\Program Files (x86)\Microsoft Visual Studio 12.0\Common7\Tools\
VXIPNPPATH=C:\Program Files (x86)\IVI Foundation\VISA\
VXIPNPPATH64=C:\Program Files\IVI Foundation\VISA\
windir=C:\Windows
windows_tracing_flags=3
windows_tracing_logfile=C:\BVTBin\Tests\installpackage\csilogfile.log
